Command line:
   ./t_isim_beh.exe
     -intstyle  ise
     -ipchost  localhost
     -ipcport  53264

Wed Apr 03 16:20:41 2013

Total Line Count : 1496

 Elaboration Time: 0.327603 sec

 Current Memory Usage: 206.619 Meg

 Total Signals          : 20027
 Total Nets             : 16535
 Total Signal Drivers   : 3559
 Total Blocks           : 4591
 Total Primitive Blocks : 3597
 Total Processes        : 3541
 Total Traceable Variables  : 23
 Total Scalar Nets and Variables : 29848
ntrace select -o on -m / -l this 
ntrace start 
isimrun 1000 ns 
Simulator is doing circuit initialization process.
Finished circuit initialization process.

 Total Simulation Time: 0.811206 sec

 Current Memory Usage: 216.908 Meg

Wed Apr 03 16:23:05 2013

